0 info it worked if it ends with ok
1 verbose cli [ '/Users/jenniewerner/.meteor/packages/meteor-tool/.1.4.1_3.rvq39s++os.osx.x86_64+web.browser+web.cordova/mt-os.osx.x86_64/dev_bundle/bin/node',
1 verbose cli   '/Users/jenniewerner/.meteor/packages/meteor-tool/.1.4.1_3.rvq39s++os.osx.x86_64+web.browser+web.cordova/mt-os.osx.x86_64/dev_bundle/bin/npm',
1 verbose cli   'install',
1 verbose cli   '--save',
1 verbose cli   'bcrypt' ]
2 info using npm@3.10.8
3 info using node@v4.6.1
4 silly loadCurrentTree Starting
5 silly install loadCurrentTree
6 silly install readLocalPackageData
7 silly fetchPackageMetaData bcrypt@^0.8.7
8 silly fetchNamedPackageData bcrypt
9 silly mapToRegistry name bcrypt
10 silly mapToRegistry using default registry
11 silly mapToRegistry registry https://registry.npmjs.org/
12 silly mapToRegistry data Result {
12 silly mapToRegistry   raw: 'bcrypt',
12 silly mapToRegistry   scope: null,
12 silly mapToRegistry   escapedName: 'bcrypt',
12 silly mapToRegistry   name: 'bcrypt',
12 silly mapToRegistry   rawSpec: '',
12 silly mapToRegistry   spec: 'latest',
12 silly mapToRegistry   type: 'tag' }
13 silly mapToRegistry uri https://registry.npmjs.org/bcrypt
14 verbose request uri https://registry.npmjs.org/bcrypt
15 verbose request no auth needed
16 info attempt registry request try #1 at 9:48:51 PM
17 verbose request id cdc02a331960c2a3
18 verbose etag W/"58c1f550-16df2"
19 verbose lastModified Fri, 10 Mar 2017 00:37:36 GMT
20 http request GET https://registry.npmjs.org/bcrypt
21 http 304 https://registry.npmjs.org/bcrypt
22 verbose headers { date: 'Fri, 10 Mar 2017 03:48:51 GMT',
22 verbose headers   via: '1.1 varnish',
22 verbose headers   'cache-control': 'max-age=300',
22 verbose headers   etag: 'W/"58c1f550-16df2"',
22 verbose headers   age: '271',
22 verbose headers   connection: 'keep-alive',
22 verbose headers   'x-served-by': 'cache-ord1730-ORD',
22 verbose headers   'x-cache': 'HIT',
22 verbose headers   'x-cache-hits': '1',
22 verbose headers   'x-timer': 'S1489117731.096851,VS0,VE0',
22 verbose headers   vary: 'Accept-Encoding' }
23 silly get cb [ 304,
23 silly get   { date: 'Fri, 10 Mar 2017 03:48:51 GMT',
23 silly get     via: '1.1 varnish',
23 silly get     'cache-control': 'max-age=300',
23 silly get     etag: 'W/"58c1f550-16df2"',
23 silly get     age: '271',
23 silly get     connection: 'keep-alive',
23 silly get     'x-served-by': 'cache-ord1730-ORD',
23 silly get     'x-cache': 'HIT',
23 silly get     'x-cache-hits': '1',
23 silly get     'x-timer': 'S1489117731.096851,VS0,VE0',
23 silly get     vary: 'Accept-Encoding' } ]
24 verbose etag https://registry.npmjs.org/bcrypt from cache
25 verbose get saving bcrypt to /Users/jenniewerner/.meteor/packages/meteor-tool/.1.4.1_3.rvq39s++os.osx.x86_64+web.browser+web.cordova/mt-os.osx.x86_64/dev_bundle/.npm/registry.npmjs.org/bcrypt/.cache.json
26 verbose correctMkdir /Users/jenniewerner/.meteor/packages/meteor-tool/.1.4.1_3.rvq39s++os.osx.x86_64+web.browser+web.cordova/mt-os.osx.x86_64/dev_bundle/.npm correctMkdir not in flight; initializing
27 silly install normalizeTree
28 silly loadCurrentTree Finishing
29 silly loadIdealTree Starting
30 silly install loadIdealTree
31 silly cloneCurrentTree Starting
32 silly install cloneCurrentTreeToIdealTree
33 silly cloneCurrentTree Finishing
34 silly loadShrinkwrap Starting
35 silly install loadShrinkwrap
36 silly loadShrinkwrap Finishing
37 silly loadAllDepsIntoIdealTree Starting
38 silly install loadAllDepsIntoIdealTree
39 silly resolveWithNewModule bcrypt@0.8.7 checking installable status
40 silly cache add args [ 'bcrypt@^0.8.7', null ]
41 verbose cache add spec bcrypt@^0.8.7
42 silly cache add parsed spec Result {
42 silly cache add   raw: 'bcrypt@^0.8.7',
42 silly cache add   scope: null,
42 silly cache add   escapedName: 'bcrypt',
42 silly cache add   name: 'bcrypt',
42 silly cache add   rawSpec: '^0.8.7',
42 silly cache add   spec: '>=0.8.7 <0.9.0',
42 silly cache add   type: 'range' }
43 silly addNamed bcrypt@>=0.8.7 <0.9.0
44 verbose addNamed ">=0.8.7 <0.9.0" is a valid semver range for bcrypt
45 silly addNameRange { name: 'bcrypt', range: '>=0.8.7 <0.9.0', hasData: false }
46 silly mapToRegistry name bcrypt
47 silly mapToRegistry using default registry
48 silly mapToRegistry registry https://registry.npmjs.org/
49 silly mapToRegistry data Result {
49 silly mapToRegistry   raw: 'bcrypt',
49 silly mapToRegistry   scope: null,
49 silly mapToRegistry   escapedName: 'bcrypt',
49 silly mapToRegistry   name: 'bcrypt',
49 silly mapToRegistry   rawSpec: '',
49 silly mapToRegistry   spec: 'latest',
49 silly mapToRegistry   type: 'tag' }
50 silly mapToRegistry uri https://registry.npmjs.org/bcrypt
51 verbose addNameRange registry:https://registry.npmjs.org/bcrypt not in flight; fetching
52 verbose get https://registry.npmjs.org/bcrypt not expired, no request
53 silly addNameRange number 2 { name: 'bcrypt', range: '>=0.8.7 <0.9.0', hasData: true }
54 silly addNameRange versions [ 'bcrypt',
54 silly addNameRange   [ '0.1.2',
54 silly addNameRange     '0.2.0',
54 silly addNameRange     '0.2.1',
54 silly addNameRange     '0.1.3',
54 silly addNameRange     '0.2.2',
54 silly addNameRange     '0.2.3',
54 silly addNameRange     '0.2.4',
54 silly addNameRange     '0.3.0',
54 silly addNameRange     '0.3.1',
54 silly addNameRange     '0.3.2',
54 silly addNameRange     '0.4.0',
54 silly addNameRange     '0.4.1',
54 silly addNameRange     '0.5.0',
54 silly addNameRange     '0.6.0',
54 silly addNameRange     '0.7.0',
54 silly addNameRange     '0.7.1',
54 silly addNameRange     '0.7.2',
54 silly addNameRange     '0.7.3',
54 silly addNameRange     '0.7.4',
54 silly addNameRange     '0.7.5',
54 silly addNameRange     '0.7.6',
54 silly addNameRange     '0.7.7',
54 silly addNameRange     '0.7.8',
54 silly addNameRange     '0.8.0',
54 silly addNameRange     '0.8.1',
54 silly addNameRange     '0.8.2',
54 silly addNameRange     '0.8.3',
54 silly addNameRange     '0.8.4',
54 silly addNameRange     '0.8.5',
54 silly addNameRange     '0.8.6',
54 silly addNameRange     '0.8.7',
54 silly addNameRange     '1.0.0',
54 silly addNameRange     '1.0.1',
54 silly addNameRange     '1.0.2' ] ]
55 silly addNamed bcrypt@0.8.7
56 verbose addNamed "0.8.7" is a plain semver version for bcrypt
57 silly cache afterAdd bcrypt@0.8.7
58 verbose afterAdd /Users/jenniewerner/.meteor/packages/meteor-tool/.1.4.1_3.rvq39s++os.osx.x86_64+web.browser+web.cordova/mt-os.osx.x86_64/dev_bundle/.npm/bcrypt/0.8.7/package/package.json not in flight; writing
59 verbose correctMkdir /Users/jenniewerner/.meteor/packages/meteor-tool/.1.4.1_3.rvq39s++os.osx.x86_64+web.browser+web.cordova/mt-os.osx.x86_64/dev_bundle/.npm correctMkdir not in flight; initializing
60 verbose afterAdd /Users/jenniewerner/.meteor/packages/meteor-tool/.1.4.1_3.rvq39s++os.osx.x86_64+web.browser+web.cordova/mt-os.osx.x86_64/dev_bundle/.npm/bcrypt/0.8.7/package/package.json written
61 silly fetchNamedPackageData bindings
62 silly mapToRegistry name bindings
63 silly mapToRegistry using default registry
64 silly mapToRegistry registry https://registry.npmjs.org/
65 silly mapToRegistry data Result {
65 silly mapToRegistry   raw: 'bindings',
65 silly mapToRegistry   scope: null,
65 silly mapToRegistry   escapedName: 'bindings',
65 silly mapToRegistry   name: 'bindings',
65 silly mapToRegistry   rawSpec: '',
65 silly mapToRegistry   spec: 'latest',
65 silly mapToRegistry   type: 'tag' }
66 silly mapToRegistry uri https://registry.npmjs.org/bindings
67 silly fetchNamedPackageData nan
68 silly mapToRegistry name nan
69 silly mapToRegistry using default registry
70 silly mapToRegistry registry https://registry.npmjs.org/
71 silly mapToRegistry data Result {
71 silly mapToRegistry   raw: 'nan',
71 silly mapToRegistry   scope: null,
71 silly mapToRegistry   escapedName: 'nan',
71 silly mapToRegistry   name: 'nan',
71 silly mapToRegistry   rawSpec: '',
71 silly mapToRegistry   spec: 'latest',
71 silly mapToRegistry   type: 'tag' }
72 silly mapToRegistry uri https://registry.npmjs.org/nan
73 verbose request uri https://registry.npmjs.org/bindings
74 verbose request no auth needed
75 info attempt registry request try #1 at 9:48:51 PM
76 verbose etag W/"580645d3-46f7"
77 verbose lastModified Tue, 18 Oct 2016 15:54:59 GMT
78 http request GET https://registry.npmjs.org/bindings
79 verbose request uri https://registry.npmjs.org/nan
80 verbose request no auth needed
81 info attempt registry request try #1 at 9:48:51 PM
82 verbose etag W/"58a44b6b-1df62"
83 verbose lastModified Wed, 15 Feb 2017 12:36:59 GMT
84 http request GET https://registry.npmjs.org/nan
85 http 304 https://registry.npmjs.org/bindings
86 verbose headers { date: 'Fri, 10 Mar 2017 03:48:51 GMT',
86 verbose headers   via: '1.1 varnish',
86 verbose headers   'cache-control': 'max-age=300',
86 verbose headers   etag: 'W/"580645d3-46f7"',
86 verbose headers   age: '12',
86 verbose headers   connection: 'keep-alive',
86 verbose headers   'x-served-by': 'cache-ord1730-ORD',
86 verbose headers   'x-cache': 'HIT',
86 verbose headers   'x-cache-hits': '2',
86 verbose headers   'x-timer': 'S1489117731.335708,VS0,VE0',
86 verbose headers   vary: 'Accept-Encoding' }
87 silly get cb [ 304,
87 silly get   { date: 'Fri, 10 Mar 2017 03:48:51 GMT',
87 silly get     via: '1.1 varnish',
87 silly get     'cache-control': 'max-age=300',
87 silly get     etag: 'W/"580645d3-46f7"',
87 silly get     age: '12',
87 silly get     connection: 'keep-alive',
87 silly get     'x-served-by': 'cache-ord1730-ORD',
87 silly get     'x-cache': 'HIT',
87 silly get     'x-cache-hits': '2',
87 silly get     'x-timer': 'S1489117731.335708,VS0,VE0',
87 silly get     vary: 'Accept-Encoding' } ]
88 verbose etag https://registry.npmjs.org/bindings from cache
89 verbose get saving bindings to /Users/jenniewerner/.meteor/packages/meteor-tool/.1.4.1_3.rvq39s++os.osx.x86_64+web.browser+web.cordova/mt-os.osx.x86_64/dev_bundle/.npm/registry.npmjs.org/bindings/.cache.json
90 verbose correctMkdir /Users/jenniewerner/.meteor/packages/meteor-tool/.1.4.1_3.rvq39s++os.osx.x86_64+web.browser+web.cordova/mt-os.osx.x86_64/dev_bundle/.npm correctMkdir not in flight; initializing
91 silly resolveWithNewModule bindings@1.2.1 checking installable status
92 silly cache add args [ 'bindings@1.2.1', null ]
93 verbose cache add spec bindings@1.2.1
94 silly cache add parsed spec Result {
94 silly cache add   raw: 'bindings@1.2.1',
94 silly cache add   scope: null,
94 silly cache add   escapedName: 'bindings',
94 silly cache add   name: 'bindings',
94 silly cache add   rawSpec: '1.2.1',
94 silly cache add   spec: '1.2.1',
94 silly cache add   type: 'version' }
95 silly addNamed bindings@1.2.1
96 verbose addNamed "1.2.1" is a plain semver version for bindings
97 silly mapToRegistry name bindings
98 silly mapToRegistry using default registry
99 silly mapToRegistry registry https://registry.npmjs.org/
100 silly mapToRegistry data Result {
100 silly mapToRegistry   raw: 'bindings',
100 silly mapToRegistry   scope: null,
100 silly mapToRegistry   escapedName: 'bindings',
100 silly mapToRegistry   name: 'bindings',
100 silly mapToRegistry   rawSpec: '',
100 silly mapToRegistry   spec: 'latest',
100 silly mapToRegistry   type: 'tag' }
101 silly mapToRegistry uri https://registry.npmjs.org/bindings
102 verbose addNameVersion registry:https://registry.npmjs.org/bindings not in flight; fetching
103 verbose get https://registry.npmjs.org/bindings not expired, no request
104 silly cache afterAdd bindings@1.2.1
105 verbose afterAdd /Users/jenniewerner/.meteor/packages/meteor-tool/.1.4.1_3.rvq39s++os.osx.x86_64+web.browser+web.cordova/mt-os.osx.x86_64/dev_bundle/.npm/bindings/1.2.1/package/package.json not in flight; writing
106 verbose correctMkdir /Users/jenniewerner/.meteor/packages/meteor-tool/.1.4.1_3.rvq39s++os.osx.x86_64+web.browser+web.cordova/mt-os.osx.x86_64/dev_bundle/.npm correctMkdir not in flight; initializing
107 verbose afterAdd /Users/jenniewerner/.meteor/packages/meteor-tool/.1.4.1_3.rvq39s++os.osx.x86_64+web.browser+web.cordova/mt-os.osx.x86_64/dev_bundle/.npm/bindings/1.2.1/package/package.json written
108 http 304 https://registry.npmjs.org/nan
109 verbose headers { date: 'Fri, 10 Mar 2017 03:48:51 GMT',
109 verbose headers   via: '1.1 varnish',
109 verbose headers   'cache-control': 'max-age=300',
109 verbose headers   etag: 'W/"58a44b6b-1df62"',
109 verbose headers   age: '156',
109 verbose headers   connection: 'keep-alive',
109 verbose headers   'x-served-by': 'cache-ord1746-ORD',
109 verbose headers   'x-cache': 'HIT',
109 verbose headers   'x-cache-hits': '3',
109 verbose headers   'x-timer': 'S1489117731.382144,VS0,VE0',
109 verbose headers   vary: 'Accept-Encoding' }
110 silly get cb [ 304,
110 silly get   { date: 'Fri, 10 Mar 2017 03:48:51 GMT',
110 silly get     via: '1.1 varnish',
110 silly get     'cache-control': 'max-age=300',
110 silly get     etag: 'W/"58a44b6b-1df62"',
110 silly get     age: '156',
110 silly get     connection: 'keep-alive',
110 silly get     'x-served-by': 'cache-ord1746-ORD',
110 silly get     'x-cache': 'HIT',
110 silly get     'x-cache-hits': '3',
110 silly get     'x-timer': 'S1489117731.382144,VS0,VE0',
110 silly get     vary: 'Accept-Encoding' } ]
111 verbose etag https://registry.npmjs.org/nan from cache
112 verbose get saving nan to /Users/jenniewerner/.meteor/packages/meteor-tool/.1.4.1_3.rvq39s++os.osx.x86_64+web.browser+web.cordova/mt-os.osx.x86_64/dev_bundle/.npm/registry.npmjs.org/nan/.cache.json
113 verbose correctMkdir /Users/jenniewerner/.meteor/packages/meteor-tool/.1.4.1_3.rvq39s++os.osx.x86_64+web.browser+web.cordova/mt-os.osx.x86_64/dev_bundle/.npm correctMkdir not in flight; initializing
114 silly resolveWithNewModule nan@2.3.5 checking installable status
115 silly cache add args [ 'nan@2.3.5', null ]
116 verbose cache add spec nan@2.3.5
117 silly cache add parsed spec Result {
117 silly cache add   raw: 'nan@2.3.5',
117 silly cache add   scope: null,
117 silly cache add   escapedName: 'nan',
117 silly cache add   name: 'nan',
117 silly cache add   rawSpec: '2.3.5',
117 silly cache add   spec: '2.3.5',
117 silly cache add   type: 'version' }
118 silly addNamed nan@2.3.5
119 verbose addNamed "2.3.5" is a plain semver version for nan
120 silly mapToRegistry name nan
121 silly mapToRegistry using default registry
122 silly mapToRegistry registry https://registry.npmjs.org/
123 silly mapToRegistry data Result {
123 silly mapToRegistry   raw: 'nan',
123 silly mapToRegistry   scope: null,
123 silly mapToRegistry   escapedName: 'nan',
123 silly mapToRegistry   name: 'nan',
123 silly mapToRegistry   rawSpec: '',
123 silly mapToRegistry   spec: 'latest',
123 silly mapToRegistry   type: 'tag' }
124 silly mapToRegistry uri https://registry.npmjs.org/nan
125 verbose addNameVersion registry:https://registry.npmjs.org/nan not in flight; fetching
126 verbose get https://registry.npmjs.org/nan not expired, no request
127 silly cache afterAdd nan@2.3.5
128 verbose afterAdd /Users/jenniewerner/.meteor/packages/meteor-tool/.1.4.1_3.rvq39s++os.osx.x86_64+web.browser+web.cordova/mt-os.osx.x86_64/dev_bundle/.npm/nan/2.3.5/package/package.json not in flight; writing
129 verbose correctMkdir /Users/jenniewerner/.meteor/packages/meteor-tool/.1.4.1_3.rvq39s++os.osx.x86_64+web.browser+web.cordova/mt-os.osx.x86_64/dev_bundle/.npm correctMkdir not in flight; initializing
130 verbose afterAdd /Users/jenniewerner/.meteor/packages/meteor-tool/.1.4.1_3.rvq39s++os.osx.x86_64+web.browser+web.cordova/mt-os.osx.x86_64/dev_bundle/.npm/nan/2.3.5/package/package.json written
131 silly loadAllDepsIntoIdealTree Finishing
132 silly loadIdealTree Finishing
133 silly currentTree ce-platform@0.0.1
133 silly currentTree ├── ajv@4.11.4
133 silly currentTree ├── asn1@0.2.3
133 silly currentTree ├── assert-plus@0.2.0
133 silly currentTree ├── asynckit@0.4.0
133 silly currentTree ├── aws-sign2@0.6.0
133 silly currentTree ├── aws4@1.6.0
133 silly currentTree ├── babel-runtime@6.23.0
133 silly currentTree ├── bcrypt-pbkdf@1.0.1
133 silly currentTree ├── boom@2.10.1
133 silly currentTree ├── caseless@0.12.0
133 silly currentTree ├── co@4.6.0
133 silly currentTree ├── combined-stream@1.0.5
133 silly currentTree ├── core-js@2.4.1
133 silly currentTree ├── cryptiles@2.0.5
133 silly currentTree ├─┬ dashdash@1.14.1
133 silly currentTree │ └── assert-plus@1.0.0
133 silly currentTree ├── delayed-stream@1.0.0
133 silly currentTree ├── ecc-jsbn@0.1.1
133 silly currentTree ├── extend@3.0.0
133 silly currentTree ├── extsprintf@1.0.2
133 silly currentTree ├── forever-agent@0.6.1
133 silly currentTree ├── form-data@2.1.2
133 silly currentTree ├─┬ getpass@0.1.6
133 silly currentTree │ └── assert-plus@1.0.0
133 silly currentTree ├── har-schema@1.0.5
133 silly currentTree ├── har-validator@4.2.1
133 silly currentTree ├── hawk@3.1.3
133 silly currentTree ├── hoek@2.16.3
133 silly currentTree ├── http-signature@1.1.1
133 silly currentTree ├── is-typedarray@1.0.0
133 silly currentTree ├── isstream@0.1.2
133 silly currentTree ├── jodid25519@1.0.2
133 silly currentTree ├── jsbn@0.1.1
133 silly currentTree ├── json-schema@0.2.3
133 silly currentTree ├── json-stable-stringify@1.0.1
133 silly currentTree ├── json-stringify-safe@5.0.1
133 silly currentTree ├── jsonify@0.0.0
133 silly currentTree ├── jsprim@1.3.1
133 silly currentTree ├─┬ meteor-node-stubs@0.2.5
133 silly currentTree │ ├── asn1.js@4.9.0
133 silly currentTree │ ├── assert@1.4.1
133 silly currentTree │ ├── base64-js@1.2.0
133 silly currentTree │ ├── Base64@0.2.1
133 silly currentTree │ ├── bn.js@4.11.6
133 silly currentTree │ ├── brorand@1.0.6
133 silly currentTree │ ├── browserify-aes@1.0.6
133 silly currentTree │ ├── browserify-cipher@1.0.0
133 silly currentTree │ ├── browserify-des@1.0.0
133 silly currentTree │ ├── browserify-rsa@4.0.1
133 silly currentTree │ ├── browserify-sign@4.0.0
133 silly currentTree │ ├── browserify-zlib@0.1.4
133 silly currentTree │ ├── buffer-shims@1.0.0
133 silly currentTree │ ├── buffer-xor@1.0.3
133 silly currentTree │ ├── buffer@4.9.1
133 silly currentTree │ ├── cipher-base@1.0.3
133 silly currentTree │ ├── console-browserify@1.1.0
133 silly currentTree │ ├── constants-browserify@1.0.0
133 silly currentTree │ ├── core-util-is@1.0.2
133 silly currentTree │ ├── create-ecdh@4.0.0
133 silly currentTree │ ├── create-hash@1.1.2
133 silly currentTree │ ├── create-hmac@1.1.4
133 silly currentTree │ ├── crypto-browserify@3.11.0
133 silly currentTree │ ├── date-now@0.1.4
133 silly currentTree │ ├── des.js@1.0.0
133 silly currentTree │ ├── diffie-hellman@5.0.2
133 silly currentTree │ ├── domain-browser@1.1.7
133 silly currentTree │ ├── elliptic@6.3.2
133 silly currentTree │ ├── events@1.1.1
133 silly currentTree │ ├── evp_bytestokey@1.0.0
133 silly currentTree │ ├── hash.js@1.0.3
133 silly currentTree │ ├── http-browserify@1.7.0
133 silly currentTree │ ├── https-browserify@0.0.1
133 silly currentTree │ ├── ieee754@1.1.8
133 silly currentTree │ ├── indexof@0.0.1
133 silly currentTree │ ├── inherits@2.0.1
133 silly currentTree │ ├── isarray@1.0.0
133 silly currentTree │ ├── miller-rabin@4.0.0
133 silly currentTree │ ├── minimalistic-assert@1.0.0
133 silly currentTree │ ├── os-browserify@0.2.1
133 silly currentTree │ ├── pako@0.2.9
133 silly currentTree │ ├── parse-asn1@5.0.0
133 silly currentTree │ ├── path-browserify@0.0.0
133 silly currentTree │ ├── pbkdf2@3.0.9
133 silly currentTree │ ├── process-nextick-args@1.0.7
133 silly currentTree │ ├── process@0.11.9
133 silly currentTree │ ├── public-encrypt@4.0.0
133 silly currentTree │ ├── punycode@1.4.1
133 silly currentTree │ ├── querystring-es3@0.2.1
133 silly currentTree │ ├── querystring@0.2.0
133 silly currentTree │ ├── randombytes@2.0.3
133 silly currentTree │ ├── readable-stream@2.2.1
133 silly currentTree │ ├── ripemd160@1.0.1
133 silly currentTree │ ├── sha.js@2.4.8
133 silly currentTree │ ├── stream-browserify@2.0.1
133 silly currentTree │ ├── string_decoder@0.10.31
133 silly currentTree │ ├── timers-browserify@1.4.2
133 silly currentTree │ ├── tty-browserify@0.0.0
133 silly currentTree │ ├─┬ url@0.11.0
133 silly currentTree │ │ └── punycode@1.3.2
133 silly currentTree │ ├── util-deprecate@1.0.2
133 silly currentTree │ ├── util@0.10.3
133 silly currentTree │ └── vm-browserify@0.0.4
133 silly currentTree ├── mime-db@1.26.0
133 silly currentTree ├── mime-types@2.1.14
133 silly currentTree ├── oauth-sign@0.8.2
133 silly currentTree ├── performance-now@0.2.0
133 silly currentTree ├── photoswipe@4.1.1
133 silly currentTree ├── punycode@1.4.1
133 silly currentTree ├── qs@6.4.0
133 silly currentTree ├── regenerator-runtime@0.10.3
133 silly currentTree ├── request@2.81.0
133 silly currentTree ├── safe-buffer@5.0.1
133 silly currentTree ├── sntp@1.0.9
133 silly currentTree ├─┬ sshpk@1.11.0
133 silly currentTree │ └── assert-plus@1.0.0
133 silly currentTree ├── stringstream@0.0.5
133 silly currentTree ├── tough-cookie@2.3.2
133 silly currentTree ├── tunnel-agent@0.6.0
133 silly currentTree ├── tweetnacl@0.14.5
133 silly currentTree ├── uuid@3.0.1
133 silly currentTree └── verror@1.3.6
134 silly idealTree ce-platform@0.0.1
134 silly idealTree ├── ajv@4.11.4
134 silly idealTree ├── asn1@0.2.3
134 silly idealTree ├── assert-plus@0.2.0
134 silly idealTree ├── asynckit@0.4.0
134 silly idealTree ├── aws-sign2@0.6.0
134 silly idealTree ├── aws4@1.6.0
134 silly idealTree ├── babel-runtime@6.23.0
134 silly idealTree ├── bcrypt-pbkdf@1.0.1
134 silly idealTree ├── bcrypt@0.8.7
134 silly idealTree ├── bindings@1.2.1
134 silly idealTree ├── boom@2.10.1
134 silly idealTree ├── caseless@0.12.0
134 silly idealTree ├── co@4.6.0
134 silly idealTree ├── combined-stream@1.0.5
134 silly idealTree ├── core-js@2.4.1
134 silly idealTree ├── cryptiles@2.0.5
134 silly idealTree ├─┬ dashdash@1.14.1
134 silly idealTree │ └── assert-plus@1.0.0
134 silly idealTree ├── delayed-stream@1.0.0
134 silly idealTree ├── ecc-jsbn@0.1.1
134 silly idealTree ├── extend@3.0.0
134 silly idealTree ├── extsprintf@1.0.2
134 silly idealTree ├── forever-agent@0.6.1
134 silly idealTree ├── form-data@2.1.2
134 silly idealTree ├─┬ getpass@0.1.6
134 silly idealTree │ └── assert-plus@1.0.0
134 silly idealTree ├── har-schema@1.0.5
134 silly idealTree ├── har-validator@4.2.1
134 silly idealTree ├── hawk@3.1.3
134 silly idealTree ├── hoek@2.16.3
134 silly idealTree ├── http-signature@1.1.1
134 silly idealTree ├── is-typedarray@1.0.0
134 silly idealTree ├── isstream@0.1.2
134 silly idealTree ├── jodid25519@1.0.2
134 silly idealTree ├── jsbn@0.1.1
134 silly idealTree ├── json-schema@0.2.3
134 silly idealTree ├── json-stable-stringify@1.0.1
134 silly idealTree ├── json-stringify-safe@5.0.1
134 silly idealTree ├── jsonify@0.0.0
134 silly idealTree ├── jsprim@1.3.1
134 silly idealTree ├─┬ meteor-node-stubs@0.2.5
134 silly idealTree │ ├── asn1.js@4.9.0
134 silly idealTree │ ├── assert@1.4.1
134 silly idealTree │ ├── base64-js@1.2.0
134 silly idealTree │ ├── Base64@0.2.1
134 silly idealTree │ ├── bn.js@4.11.6
134 silly idealTree │ ├── brorand@1.0.6
134 silly idealTree │ ├── browserify-aes@1.0.6
134 silly idealTree │ ├── browserify-cipher@1.0.0
134 silly idealTree │ ├── browserify-des@1.0.0
134 silly idealTree │ ├── browserify-rsa@4.0.1
134 silly idealTree │ ├── browserify-sign@4.0.0
134 silly idealTree │ ├── browserify-zlib@0.1.4
134 silly idealTree │ ├── buffer-shims@1.0.0
134 silly idealTree │ ├── buffer-xor@1.0.3
134 silly idealTree │ ├── buffer@4.9.1
134 silly idealTree │ ├── cipher-base@1.0.3
134 silly idealTree │ ├── console-browserify@1.1.0
134 silly idealTree │ ├── constants-browserify@1.0.0
134 silly idealTree │ ├── core-util-is@1.0.2
134 silly idealTree │ ├── create-ecdh@4.0.0
134 silly idealTree │ ├── create-hash@1.1.2
134 silly idealTree │ ├── create-hmac@1.1.4
134 silly idealTree │ ├── crypto-browserify@3.11.0
134 silly idealTree │ ├── date-now@0.1.4
134 silly idealTree │ ├── des.js@1.0.0
134 silly idealTree │ ├── diffie-hellman@5.0.2
134 silly idealTree │ ├── domain-browser@1.1.7
134 silly idealTree │ ├── elliptic@6.3.2
134 silly idealTree │ ├── events@1.1.1
134 silly idealTree │ ├── evp_bytestokey@1.0.0
134 silly idealTree │ ├── hash.js@1.0.3
134 silly idealTree │ ├── http-browserify@1.7.0
134 silly idealTree │ ├── https-browserify@0.0.1
134 silly idealTree │ ├── ieee754@1.1.8
134 silly idealTree │ ├── indexof@0.0.1
134 silly idealTree │ ├── inherits@2.0.1
134 silly idealTree │ ├── isarray@1.0.0
134 silly idealTree │ ├── miller-rabin@4.0.0
134 silly idealTree │ ├── minimalistic-assert@1.0.0
134 silly idealTree │ ├── os-browserify@0.2.1
134 silly idealTree │ ├── pako@0.2.9
134 silly idealTree │ ├── parse-asn1@5.0.0
134 silly idealTree │ ├── path-browserify@0.0.0
134 silly idealTree │ ├── pbkdf2@3.0.9
134 silly idealTree │ ├── process-nextick-args@1.0.7
134 silly idealTree │ ├── process@0.11.9
134 silly idealTree │ ├── public-encrypt@4.0.0
134 silly idealTree │ ├── punycode@1.4.1
134 silly idealTree │ ├── querystring-es3@0.2.1
134 silly idealTree │ ├── querystring@0.2.0
134 silly idealTree │ ├── randombytes@2.0.3
134 silly idealTree │ ├── readable-stream@2.2.1
134 silly idealTree │ ├── ripemd160@1.0.1
134 silly idealTree │ ├── sha.js@2.4.8
134 silly idealTree │ ├── stream-browserify@2.0.1
134 silly idealTree │ ├── string_decoder@0.10.31
134 silly idealTree │ ├── timers-browserify@1.4.2
134 silly idealTree │ ├── tty-browserify@0.0.0
134 silly idealTree │ ├─┬ url@0.11.0
134 silly idealTree │ │ └── punycode@1.3.2
134 silly idealTree │ ├── util-deprecate@1.0.2
134 silly idealTree │ ├── util@0.10.3
134 silly idealTree │ └── vm-browserify@0.0.4
134 silly idealTree ├── mime-db@1.26.0
134 silly idealTree ├── mime-types@2.1.14
134 silly idealTree ├── nan@2.3.5
134 silly idealTree ├── oauth-sign@0.8.2
134 silly idealTree ├── performance-now@0.2.0
134 silly idealTree ├── photoswipe@4.1.1
134 silly idealTree ├── punycode@1.4.1
134 silly idealTree ├── qs@6.4.0
134 silly idealTree ├── regenerator-runtime@0.10.3
134 silly idealTree ├── request@2.81.0
134 silly idealTree ├── safe-buffer@5.0.1
134 silly idealTree ├── sntp@1.0.9
134 silly idealTree ├─┬ sshpk@1.11.0
134 silly idealTree │ └── assert-plus@1.0.0
134 silly idealTree ├── stringstream@0.0.5
134 silly idealTree ├── tough-cookie@2.3.2
134 silly idealTree ├── tunnel-agent@0.6.0
134 silly idealTree ├── tweetnacl@0.14.5
134 silly idealTree ├── uuid@3.0.1
134 silly idealTree └── verror@1.3.6
135 silly generateActionsToTake Starting
136 silly install generateActionsToTake
137 silly generateActionsToTake Finishing
138 silly diffTrees action count 3
139 silly diffTrees add bindings@1.2.1
140 silly diffTrees add nan@2.3.5
141 silly diffTrees add bcrypt@0.8.7
142 silly decomposeActions action count 24
143 silly decomposeActions fetch bindings@1.2.1
144 silly decomposeActions extract bindings@1.2.1
145 silly decomposeActions test bindings@1.2.1
146 silly decomposeActions preinstall bindings@1.2.1
147 silly decomposeActions build bindings@1.2.1
148 silly decomposeActions install bindings@1.2.1
149 silly decomposeActions postinstall bindings@1.2.1
150 silly decomposeActions finalize bindings@1.2.1
151 silly decomposeActions fetch nan@2.3.5
152 silly decomposeActions extract nan@2.3.5
153 silly decomposeActions test nan@2.3.5
154 silly decomposeActions preinstall nan@2.3.5
155 silly decomposeActions build nan@2.3.5
156 silly decomposeActions install nan@2.3.5
157 silly decomposeActions postinstall nan@2.3.5
158 silly decomposeActions finalize nan@2.3.5
159 silly decomposeActions fetch bcrypt@0.8.7
160 silly decomposeActions extract bcrypt@0.8.7
161 silly decomposeActions test bcrypt@0.8.7
162 silly decomposeActions preinstall bcrypt@0.8.7
163 silly decomposeActions build bcrypt@0.8.7
164 silly decomposeActions install bcrypt@0.8.7
165 silly decomposeActions postinstall bcrypt@0.8.7
166 silly decomposeActions finalize bcrypt@0.8.7
167 silly runTopLevelLifecycles Starting
168 silly executeActions Starting
169 silly install executeActions
170 silly doSerial global-install 0
171 silly doParallel fetch 3
172 verbose correctMkdir /Users/jenniewerner/.meteor/packages/meteor-tool/.1.4.1_3.rvq39s++os.osx.x86_64+web.browser+web.cordova/mt-os.osx.x86_64/dev_bundle/.npm/_locks correctMkdir not in flight; initializing
173 verbose lock using /Users/jenniewerner/.meteor/packages/meteor-tool/.1.4.1_3.rvq39s++os.osx.x86_64+web.browser+web.cordova/mt-os.osx.x86_64/dev_bundle/.npm/_locks/staging-19d9ac931d287ec5.lock for /Users/jenniewerner/Desktop/ce-platform/node_modules/.staging
174 silly doParallel extract 3
175 silly extract bindings@1.2.1
176 silly extract nan@2.3.5
177 silly extract bcrypt@0.8.7
178 verbose unbuild node_modules/.staging/bindings-48d420f7
179 silly gentlyRm /Users/jenniewerner/Desktop/ce-platform/node_modules/.staging/bindings-48d420f7 is being purged from base /Users/jenniewerner/Desktop/ce-platform
180 verbose gentlyRm don't care about contents; nuking /Users/jenniewerner/Desktop/ce-platform/node_modules/.staging/bindings-48d420f7
181 verbose unbuild node_modules/.staging/nan-b2e24f40
182 verbose tar unpack /Users/jenniewerner/.meteor/packages/meteor-tool/.1.4.1_3.rvq39s++os.osx.x86_64+web.browser+web.cordova/mt-os.osx.x86_64/dev_bundle/.npm/bindings/1.2.1/package.tgz
183 verbose tar unpacking to /Users/jenniewerner/Desktop/ce-platform/node_modules/.staging/bindings-48d420f7
184 silly gentlyRm /Users/jenniewerner/Desktop/ce-platform/node_modules/.staging/bindings-48d420f7 is being purged
185 verbose gentlyRm don't care about contents; nuking /Users/jenniewerner/Desktop/ce-platform/node_modules/.staging/bindings-48d420f7
186 silly gunzTarPerm modes [ '755', '644' ]
187 silly gentlyRm /Users/jenniewerner/Desktop/ce-platform/node_modules/.staging/nan-b2e24f40 is being purged from base /Users/jenniewerner/Desktop/ce-platform
188 verbose gentlyRm don't care about contents; nuking /Users/jenniewerner/Desktop/ce-platform/node_modules/.staging/nan-b2e24f40
189 verbose unbuild node_modules/.staging/bcrypt-201c284a
190 verbose tar unpack /Users/jenniewerner/.meteor/packages/meteor-tool/.1.4.1_3.rvq39s++os.osx.x86_64+web.browser+web.cordova/mt-os.osx.x86_64/dev_bundle/.npm/nan/2.3.5/package.tgz
191 verbose tar unpacking to /Users/jenniewerner/Desktop/ce-platform/node_modules/.staging/nan-b2e24f40
192 silly gentlyRm /Users/jenniewerner/Desktop/ce-platform/node_modules/.staging/nan-b2e24f40 is being purged
193 verbose gentlyRm don't care about contents; nuking /Users/jenniewerner/Desktop/ce-platform/node_modules/.staging/nan-b2e24f40
194 silly gunzTarPerm modes [ '755', '644' ]
195 silly gentlyRm /Users/jenniewerner/Desktop/ce-platform/node_modules/.staging/bcrypt-201c284a is being purged from base /Users/jenniewerner/Desktop/ce-platform
196 verbose gentlyRm don't care about contents; nuking /Users/jenniewerner/Desktop/ce-platform/node_modules/.staging/bcrypt-201c284a
197 silly gunzTarPerm extractEntry package.json
198 verbose tar unpack /Users/jenniewerner/.meteor/packages/meteor-tool/.1.4.1_3.rvq39s++os.osx.x86_64+web.browser+web.cordova/mt-os.osx.x86_64/dev_bundle/.npm/bcrypt/0.8.7/package.tgz
199 verbose tar unpacking to /Users/jenniewerner/Desktop/ce-platform/node_modules/.staging/bcrypt-201c284a
200 silly gentlyRm /Users/jenniewerner/Desktop/ce-platform/node_modules/.staging/bcrypt-201c284a is being purged
201 verbose gentlyRm don't care about contents; nuking /Users/jenniewerner/Desktop/ce-platform/node_modules/.staging/bcrypt-201c284a
202 silly gunzTarPerm modes [ '755', '644' ]
203 silly gunzTarPerm extractEntry package.json
204 silly gunzTarPerm modified mode [ 'package.json', 436, 420 ]
205 silly gunzTarPerm extractEntry README.md
206 silly gunzTarPerm extractEntry bindings.js
207 silly gunzTarPerm extractEntry package.json
208 silly gunzTarPerm extractEntry README.md
209 silly gunzTarPerm modified mode [ 'README.md', 436, 420 ]
210 silly gunzTarPerm extractEntry include_dirs.js
211 silly gunzTarPerm modified mode [ 'include_dirs.js', 436, 420 ]
212 silly gunzTarPerm extractEntry .npmignore
213 silly gunzTarPerm extractEntry README.md
214 silly gunzTarPerm extractEntry nan_converters.h
215 silly gunzTarPerm modified mode [ 'nan_converters.h', 436, 420 ]
216 silly gunzTarPerm extractEntry LICENSE.md
217 silly gunzTarPerm modified mode [ 'LICENSE.md', 436, 420 ]
218 silly gunzTarPerm extractEntry doc/node_misc.md
219 silly gunzTarPerm modified mode [ 'doc/node_misc.md', 436, 420 ]
220 silly gunzTarPerm extractEntry doc/asyncworker.md
221 silly gunzTarPerm modified mode [ 'doc/asyncworker.md', 436, 420 ]
222 silly gunzTarPerm extractEntry LICENSE
223 silly gunzTarPerm extractEntry bcrypt.js
224 silly gunzTarPerm extractEntry Makefile
225 silly gunzTarPerm extractEntry .travis.yml
226 silly gunzTarPerm extractEntry CHANGELOG.md
227 silly gunzTarPerm extractEntry binding.gyp
228 silly gunzTarPerm extractEntry examples/async_compare.js
229 silly gunzTarPerm extractEntry examples/forever_gen_salt.js
230 silly gunzTarPerm extractEntry test/async.js
231 silly gunzTarPerm extractEntry test/repetitions.js
232 silly gunzTarPerm extractEntry test/sync.js
233 silly gunzTarPerm extractEntry ISSUE_TEMPLATE.md
234 silly gunzTarPerm extractEntry src/bcrypt.cc
235 silly gunzTarPerm extractEntry src/bcrypt_node.cc
236 silly gunzTarPerm extractEntry src/blowfish.cc
237 silly gunzTarPerm extractEntry src/node_blf.h
238 silly gunzTarPerm extractEntry werker.yml
239 silly gunzTarPerm extractEntry doc/callback.md
240 silly gunzTarPerm modified mode [ 'doc/callback.md', 436, 420 ]
241 silly gunzTarPerm extractEntry doc/converters.md
242 silly gunzTarPerm modified mode [ 'doc/converters.md', 436, 420 ]
243 silly gunzTarPerm extractEntry doc/errors.md
244 silly gunzTarPerm modified mode [ 'doc/errors.md', 436, 420 ]
245 silly gunzTarPerm extractEntry doc/maybe_types.md
246 silly gunzTarPerm modified mode [ 'doc/maybe_types.md', 436, 420 ]
247 silly gentlyRm /Users/jenniewerner/Desktop/ce-platform/node_modules/.staging/bindings-48d420f7/node_modules is being purged
248 verbose gentlyRm don't care about contents; nuking /Users/jenniewerner/Desktop/ce-platform/node_modules/.staging/bindings-48d420f7/node_modules
249 silly gunzTarPerm extractEntry doc/methods.md
250 silly gunzTarPerm modified mode [ 'doc/methods.md', 436, 420 ]
251 silly gunzTarPerm extractEntry doc/new.md
252 silly gunzTarPerm modified mode [ 'doc/new.md', 436, 420 ]
253 silly gunzTarPerm extractEntry doc/buffers.md
254 silly gunzTarPerm modified mode [ 'doc/buffers.md', 436, 420 ]
255 silly gunzTarPerm extractEntry doc/object_wrappers.md
256 silly gunzTarPerm modified mode [ 'doc/object_wrappers.md', 436, 420 ]
257 silly gunzTarPerm extractEntry doc/persistent.md
258 silly gunzTarPerm modified mode [ 'doc/persistent.md', 436, 420 ]
259 silly gunzTarPerm extractEntry doc/scopes.md
260 silly gunzTarPerm modified mode [ 'doc/scopes.md', 436, 420 ]
261 silly gunzTarPerm extractEntry doc/script.md
262 silly gunzTarPerm modified mode [ 'doc/script.md', 436, 420 ]
263 silly gunzTarPerm extractEntry doc/string_bytes.md
264 silly gunzTarPerm modified mode [ 'doc/string_bytes.md', 436, 420 ]
265 silly gunzTarPerm extractEntry doc/v8_internals.md
266 silly gunzTarPerm modified mode [ 'doc/v8_internals.md', 436, 420 ]
267 silly gunzTarPerm extractEntry doc/v8_misc.md
268 silly gunzTarPerm modified mode [ 'doc/v8_misc.md', 436, 420 ]
269 silly gunzTarPerm extractEntry nan.h
270 silly gunzTarPerm modified mode [ 'nan.h', 436, 420 ]
271 silly gunzTarPerm extractEntry nan_callbacks.h
272 silly gunzTarPerm modified mode [ 'nan_callbacks.h', 436, 420 ]
273 silly gunzTarPerm extractEntry nan_callbacks_12_inl.h
274 silly gunzTarPerm modified mode [ 'nan_callbacks_12_inl.h', 436, 420 ]
275 silly gunzTarPerm extractEntry nan_callbacks_pre_12_inl.h
276 silly gunzTarPerm modified mode [ 'nan_callbacks_pre_12_inl.h', 436, 420 ]
277 silly gunzTarPerm extractEntry nan_converters_43_inl.h
278 silly gunzTarPerm modified mode [ 'nan_converters_43_inl.h', 436, 420 ]
279 silly gunzTarPerm extractEntry nan_converters_pre_43_inl.h
280 silly gunzTarPerm modified mode [ 'nan_converters_pre_43_inl.h', 436, 420 ]
281 silly gunzTarPerm extractEntry nan_implementation_12_inl.h
282 silly gunzTarPerm modified mode [ 'nan_implementation_12_inl.h', 436, 420 ]
283 silly gunzTarPerm extractEntry nan_implementation_pre_12_inl.h
284 silly gunzTarPerm modified mode [ 'nan_implementation_pre_12_inl.h', 436, 420 ]
285 silly gunzTarPerm extractEntry nan_maybe_43_inl.h
286 silly gunzTarPerm modified mode [ 'nan_maybe_43_inl.h', 436, 420 ]
287 silly gunzTarPerm extractEntry nan_maybe_pre_43_inl.h
288 silly gunzTarPerm modified mode [ 'nan_maybe_pre_43_inl.h', 436, 420 ]
289 silly gunzTarPerm extractEntry nan_new.h
290 silly gunzTarPerm modified mode [ 'nan_new.h', 436, 420 ]
291 silly gunzTarPerm extractEntry nan_object_wrap.h
292 silly gunzTarPerm modified mode [ 'nan_object_wrap.h', 436, 420 ]
293 silly gunzTarPerm extractEntry nan_persistent_12_inl.h
294 silly gunzTarPerm modified mode [ 'nan_persistent_12_inl.h', 436, 420 ]
295 silly gunzTarPerm extractEntry nan_persistent_pre_12_inl.h
296 silly gunzTarPerm modified mode [ 'nan_persistent_pre_12_inl.h', 436, 420 ]
297 silly gunzTarPerm extractEntry nan_string_bytes.h
298 silly gunzTarPerm modified mode [ 'nan_string_bytes.h', 436, 420 ]
299 silly gentlyRm /Users/jenniewerner/Desktop/ce-platform/node_modules/.staging/bcrypt-201c284a/node_modules is being purged
300 verbose gentlyRm don't care about contents; nuking /Users/jenniewerner/Desktop/ce-platform/node_modules/.staging/bcrypt-201c284a/node_modules
301 silly gunzTarPerm extractEntry nan_typedarray_contents.h
302 silly gunzTarPerm modified mode [ 'nan_typedarray_contents.h', 436, 420 ]
303 silly gunzTarPerm extractEntry nan_weak.h
304 silly gunzTarPerm modified mode [ 'nan_weak.h', 436, 420 ]
305 silly gunzTarPerm extractEntry CHANGELOG.md
306 silly gunzTarPerm modified mode [ 'CHANGELOG.md', 436, 420 ]
307 silly gunzTarPerm extractEntry tools/package.json
308 silly gunzTarPerm modified mode [ 'tools/package.json', 436, 420 ]
309 silly gunzTarPerm extractEntry tools/README.md
310 silly gunzTarPerm modified mode [ 'tools/README.md', 436, 420 ]
311 silly gunzTarPerm extractEntry tools/1to2.js
312 silly gunzTarPerm modified mode [ 'tools/1to2.js', 509, 493 ]
313 silly gentlyRm /Users/jenniewerner/Desktop/ce-platform/node_modules/.staging/nan-b2e24f40/node_modules is being purged
314 verbose gentlyRm don't care about contents; nuking /Users/jenniewerner/Desktop/ce-platform/node_modules/.staging/nan-b2e24f40/node_modules
315 silly doParallel preinstall 3
316 silly preinstall bindings@1.2.1 /Users/jenniewerner/Desktop/ce-platform/node_modules/.staging/bindings-48d420f7
317 info lifecycle bindings@1.2.1~preinstall: bindings@1.2.1
318 silly preinstall nan@2.3.5 /Users/jenniewerner/Desktop/ce-platform/node_modules/.staging/nan-b2e24f40
319 info lifecycle nan@2.3.5~preinstall: nan@2.3.5
320 silly preinstall bcrypt@0.8.7 /Users/jenniewerner/Desktop/ce-platform/node_modules/.staging/bcrypt-201c284a
321 info lifecycle bcrypt@0.8.7~preinstall: bcrypt@0.8.7
322 silly lifecycle bindings@1.2.1~preinstall: no script for preinstall, continuing
323 silly lifecycle nan@2.3.5~preinstall: no script for preinstall, continuing
324 silly lifecycle bcrypt@0.8.7~preinstall: no script for preinstall, continuing
325 silly doReverseSerial remove 0
326 silly doSerial move 0
327 silly doSerial finalize 3
328 silly finalize /Users/jenniewerner/Desktop/ce-platform/node_modules/bindings
329 silly finalize /Users/jenniewerner/Desktop/ce-platform/node_modules/nan
330 silly finalize /Users/jenniewerner/Desktop/ce-platform/node_modules/bcrypt
331 silly doSerial build 3
332 silly build bindings@1.2.1
333 info linkStuff bindings@1.2.1
334 silly linkStuff bindings@1.2.1 has /Users/jenniewerner/Desktop/ce-platform/node_modules as its parent node_modules
335 verbose linkBins bindings@1.2.1
336 verbose linkMans bindings@1.2.1
337 silly build nan@2.3.5
338 info linkStuff nan@2.3.5
339 silly linkStuff nan@2.3.5 has /Users/jenniewerner/Desktop/ce-platform/node_modules as its parent node_modules
340 verbose linkBins nan@2.3.5
341 verbose linkMans nan@2.3.5
342 silly build bcrypt@0.8.7
343 info linkStuff bcrypt@0.8.7
344 silly linkStuff bcrypt@0.8.7 has /Users/jenniewerner/Desktop/ce-platform/node_modules as its parent node_modules
345 verbose linkBins bcrypt@0.8.7
346 verbose linkMans bcrypt@0.8.7
347 silly doSerial global-link 0
348 silly doParallel update-linked 0
349 silly doSerial install 3
350 silly install bindings@1.2.1 /Users/jenniewerner/Desktop/ce-platform/node_modules/.staging/bindings-48d420f7
351 info lifecycle bindings@1.2.1~install: bindings@1.2.1
352 silly lifecycle bindings@1.2.1~install: no script for install, continuing
353 silly install nan@2.3.5 /Users/jenniewerner/Desktop/ce-platform/node_modules/.staging/nan-b2e24f40
354 info lifecycle nan@2.3.5~install: nan@2.3.5
355 silly lifecycle nan@2.3.5~install: no script for install, continuing
356 silly install bcrypt@0.8.7 /Users/jenniewerner/Desktop/ce-platform/node_modules/.staging/bcrypt-201c284a
357 info lifecycle bcrypt@0.8.7~install: bcrypt@0.8.7
358 verbose lifecycle bcrypt@0.8.7~install: unsafe-perm in lifecycle true
359 verbose lifecycle bcrypt@0.8.7~install: PATH: /Users/jenniewerner/.meteor/packages/meteor-tool/.1.4.1_3.rvq39s++os.osx.x86_64+web.browser+web.cordova/mt-os.osx.x86_64/dev_bundle/lib/node_modules/npm/bin/node-gyp-bin:/Users/jenniewerner/Desktop/ce-platform/node_modules/bcrypt/node_modules/.bin:/Users/jenniewerner/Desktop/ce-platform/node_modules/.bin:/Users/jenniewerner/.meteor/packages/meteor-tool/.1.4.1_3.rvq39s++os.osx.x86_64+web.browser+web.cordova/mt-os.osx.x86_64/dev_bundle/bin:/Users/jenniewerner/.meteor/packages/meteor-tool/.1.4.1_3.rvq39s++os.osx.x86_64+web.browser+web.cordova/mt-os.osx.x86_64/dev_bundle/lib/node_modules/.bin:/usr/local/bin:/usr/bin:/bin:/usr/sbin:/sbin:/opt/X11/bin:/usr/local/git/bin
360 verbose lifecycle bcrypt@0.8.7~install: CWD: /Users/jenniewerner/Desktop/ce-platform/node_modules/bcrypt
361 silly lifecycle bcrypt@0.8.7~install: Args: [ '-c', 'node-gyp rebuild' ]
362 silly lifecycle bcrypt@0.8.7~install: Returned: code: 1  signal: null
363 info lifecycle bcrypt@0.8.7~install: Failed to exec install script
364 verbose unlock done using /Users/jenniewerner/.meteor/packages/meteor-tool/.1.4.1_3.rvq39s++os.osx.x86_64+web.browser+web.cordova/mt-os.osx.x86_64/dev_bundle/.npm/_locks/staging-19d9ac931d287ec5.lock for /Users/jenniewerner/Desktop/ce-platform/node_modules/.staging
365 silly rollbackFailedOptional Starting
366 silly rollbackFailedOptional Finishing
367 silly runTopLevelLifecycles Finishing
368 silly install printInstalled
369 verbose stack Error: bcrypt@0.8.7 install: `node-gyp rebuild`
369 verbose stack Exit status 1
369 verbose stack     at EventEmitter.<anonymous> (/Users/jenniewerner/.meteor/packages/meteor-tool/.1.4.1_3.rvq39s++os.osx.x86_64+web.browser+web.cordova/mt-os.osx.x86_64/dev_bundle/lib/node_modules/npm/lib/utils/lifecycle.js:255:16)
369 verbose stack     at emitTwo (events.js:87:13)
369 verbose stack     at EventEmitter.emit (events.js:172:7)
369 verbose stack     at ChildProcess.<anonymous> (/Users/jenniewerner/.meteor/packages/meteor-tool/.1.4.1_3.rvq39s++os.osx.x86_64+web.browser+web.cordova/mt-os.osx.x86_64/dev_bundle/lib/node_modules/npm/lib/utils/spawn.js:40:14)
369 verbose stack     at emitTwo (events.js:87:13)
369 verbose stack     at ChildProcess.emit (events.js:172:7)
369 verbose stack     at maybeClose (internal/child_process.js:829:16)
369 verbose stack     at Process.ChildProcess._handle.onexit (internal/child_process.js:211:5)
370 verbose pkgid bcrypt@0.8.7
371 verbose cwd /Users/jenniewerner/Desktop/ce-platform
372 error Darwin 15.5.0
373 error argv "/Users/jenniewerner/.meteor/packages/meteor-tool/.1.4.1_3.rvq39s++os.osx.x86_64+web.browser+web.cordova/mt-os.osx.x86_64/dev_bundle/bin/node" "/Users/jenniewerner/.meteor/packages/meteor-tool/.1.4.1_3.rvq39s++os.osx.x86_64+web.browser+web.cordova/mt-os.osx.x86_64/dev_bundle/bin/npm" "install" "--save" "bcrypt"
374 error node v4.6.1
375 error npm  v3.10.8
376 error code ELIFECYCLE
377 error bcrypt@0.8.7 install: `node-gyp rebuild`
377 error Exit status 1
378 error Failed at the bcrypt@0.8.7 install script 'node-gyp rebuild'.
378 error Make sure you have the latest version of node.js and npm installed.
378 error If you do, this is most likely a problem with the bcrypt package,
378 error not with npm itself.
378 error Tell the author that this fails on your system:
378 error     node-gyp rebuild
378 error You can get information on how to open an issue for this project with:
378 error     npm bugs bcrypt
378 error Or if that isn't available, you can get their info via:
378 error     npm owner ls bcrypt
378 error There is likely additional logging output above.
379 verbose exit [ 1, true ]
